MockWebserver_Materials-1/MockWebserver_Materials/starter-project/app/build/intermediates/manifest_merge_blame_file/debug/manifest-merger-blame-debug-report.txt
1<?xml version="1.0" encoding="utf-8"?>
2<manifest xmlns:android="http://schemas.android.com/apk/res/android"
3    package="com.raywenderlich.android.potterverse"
4    android:versionCode="1"
5    android:versionName="1.0" >
6
7    <uses-sdk
8        android:minSdkVersion="19"
8-->src/main/AndroidManifest.xml
9        android:targetSdkVersion="29" />
9-->src/main/AndroidManifest.xml
10
11    <uses-permission android:name="android.permission.INTERNET" />
11-->src/main/AndroidManifest.xml:27:3-65
11-->src/main/AndroidManifest.xml:27:20-62
12
13    <application
13-->src/main/AndroidManifest.xml:6:3-25:17
14        android:name="com.raywenderlich.android.potterverse.PotterApp"
14-->src/main/AndroidManifest.xml:7:5-29
15        android:allowBackup="false"
15-->src/main/AndroidManifest.xml:8:5-32
16        android:appComponentFactory="androidx.core.app.CoreComponentFactory"
16-->[androidx.core:core:1.1.0] AndroidManifest.xml:24:18-86
17        android:debuggable="true"
18        android:icon="@mipmap/ic_launcher"
18-->src/main/AndroidManifest.xml:9:5-39
19        android:label="@string/app_name"
19-->src/main/AndroidManifest.xml:10:5-37
20        android:roundIcon="@mipmap/ic_launcher_round"
20-->src/main/AndroidManifest.xml:11:5-50
21        android:supportsRtl="true"
21-->src/main/AndroidManifest.xml:12:5-31
22        android:testOnly="true"
23        android:theme="@style/AppTheme"
23-->src/main/AndroidManifest.xml:13:5-36
24        android:usesCleartextTraffic="true" >
24-->src/main/AndroidManifest.xml:14:5-40
25
26        <!-- Main Activity -->
27        <activity android:name="com.raywenderlich.android.potterverse.MainActivity" >
27-->src/main/AndroidManifest.xml:18:5-23:16
27-->src/main/AndroidManifest.xml:18:15-43
28            <intent-filter>
28-->src/main/AndroidManifest.xml:19:7-22:23
29                <action android:name="android.intent.action.MAIN" />
29-->src/main/AndroidManifest.xml:20:9-61
29-->src/main/AndroidManifest.xml:20:17-58
30
31                <category android:name="android.intent.category.LAUNCHER" />
31-->src/main/AndroidManifest.xml:21:9-69
31-->src/main/AndroidManifest.xml:21:19-66
32            </intent-filter>
33        </activity>
34    </application>
35
36</manifest>